{
  "RSpec": {
    "coverage": {
      "/Users/Guest/Desktop/fuzzy_store/spec/models/order_item_spec.rb": [
        1,
        null,
        1,
        2,
        2,
        null
      ],
      "/Users/Guest/Desktop/fuzzy_store/spec/rails_helper.rb": [
        null,
        1,
        1,
        1,
        null,
        1,
        1,
        null,
        null,
        null,
        null,
        null,
        null,
        null,
        null,
        null,
        null,
        null,
        null,
        null,
        null,
        null,
        null,
        null,
        null,
        null,
        1,
        null,
        1,
        null,
        1,
        null,
        null,
        null,
        null,
        1,
        null,
        null,
        null,
        null,
        null,
        null,
        null,
        null,
        null,
        null,
        null,
        null,
        null,
        null,
        1,
        null,
        null,
        1,
        null,
        null,
        null,
        1,
        1,
        1,
        1,
        null,
        null
      ],
      "/Users/Guest/Desktop/fuzzy_store/config/environment.rb": [
        null,
        1,
        null,
        null,
        1
      ],
      "/Users/Guest/Desktop/fuzzy_store/config/application.rb": [
        1,
        null,
        1,
        null,
        1,
        1,
        1,
        1,
        1,
        1,
        1,
        1,
        null,
        null,
        null,
        null,
        1,
        null,
        1,
        1,
        null,
        1,
        null,
        null,
        null,
        null,
        null,
        null,
        1,
        null,
        null
      ],
      "/Users/Guest/Desktop/fuzzy_store/config/boot.rb": [
        1,
        null,
        1
      ],
      "/Users/Guest/Desktop/fuzzy_store/config/spring.rb": [
        null,
        null,
        null,
        null,
        null,
        5
      ],
      "/Users/Guest/Desktop/fuzzy_store/config/environments/test.rb": [
        1,
        null,
        null,
        null,
        null,
        null,
        null,
        1,
        null,
        null,
        null,
        null,
        1,
        null,
        null,
        1,
        1,
        null,
        null,
        null,
        null,
        1,
        1,
        null,
        null,
        1,
        null,
        null,
        1,
        1,
        null,
        null,
        null,
        null,
        1,
        null,
        null,
        1,
        null,
        null,
        null,
        null
      ],
      "/Users/Guest/Desktop/fuzzy_store/config/initializers/application_controller_renderer.rb": [
        null,
        null,
        null,
        null,
        null,
        null
      ],
      "/Users/Guest/Desktop/fuzzy_store/config/initializers/assets.rb": [
        null,
        null,
        null,
        1,
        null,
        null,
        null,
        null,
        1,
        null,
        null,
        null,
        null,
        null
      ],
      "/Users/Guest/Desktop/fuzzy_store/config/initializers/backtrace_silencers.rb": [
        null,
        null,
        null,
        null,
        null,
        null,
        null
      ],
      "/Users/Guest/Desktop/fuzzy_store/config/initializers/cookies_serializer.rb": [
        null,
        null,
        null,
        null,
        1
      ],
      "/Users/Guest/Desktop/fuzzy_store/config/initializers/devise.rb": [
        null,
        null,
        1,
        null,
        null,
        null,
        null,
        null,
        null,
        null,
        null,
        null,
        null,
        null,
        1,
        null,
        null,
        null,
        null,
        null,
        null,
        null,
        null,
        null,
        null,
        null,
        1,
        null,
        null,
        null,
        null,
        null,
        null,
        null,
        null,
        null,
        null,
        null,
        null,
        null,
        null,
        null,
        null,
        null,
        null,
        null,
        null,
        null,
        1,
        null,
        null,
        null,
        null,
        1,
        null,
        null,
        null,
        null,
        null,
        null,
        null,
        null,
        null,
        null,
        null,
        null,
        null,
        null,
        null,
        null,
        null,
        null,
        null,
        null,
        null,
        null,
        null,
        null,
        null,
        null,
        null,
        null,
        null,
        null,
        1,
        null,
        null,
        null,
        null,
        null,
        null,
        null,
        null,
        null,
        null,
        null,
        null,
        null,
        null,
        null,
        null,
        null,
        null,
        null,
        null,
        null,
        null,
        1,
        null,
        null,
        null,
        null,
        null,
        null,
        null,
        null,
        null,
        null,
        null,
        null,
        null,
        null,
        null,
        null,
        null,
        null,
        null,
        null,
        null,
        null,
        null,
        null,
        null,
        null,
        null,
        null,
        null,
        null,
        1,
        null,
        null,
        null,
        null,
        null,
        null,
        null,
        null,
        null,
        1,
        null,
        null,
        null,
        null,
        null,
        null,
        null,
        null,
        null,
        null,
        1,
        null,
        null,
        null,
        null,
        1,
        null,
        null,
        null,
        null,
        null,
        null,
        null,
        null,
        null,
        null,
        null,
        null,
        null,
        null,
        null,
        null,
        null,
        null,
        null,
        null,
        null,
        null,
        null,
        null,
        null,
        null,
        null,
        null,
        null,
        null,
        null,
        null,
        null,
        null,
        null,
        null,
        null,
        null,
        null,
        null,
        1,
        null,
        null,
        null,
        null,
        null,
        null,
        null,
        null,
        null,
        null,
        null,
        null,
        null,
        null,
        null,
        null,
        null,
        null,
        null,
        null,
        null,
        null,
        null,
        null,
        null,
        null,
        null,
        null,
        null,
        null,
        null,
        null,
        null,
        null,
        null,
        null,
        null,
        null,
        null,
        null,
        null,
        1,
        null,
        null,
        null,
        null,
        null,
        null,
        null,
        null,
        null,
        null,
        null,
        null,
        null,
        null,
        null,
        null,
        null,
        null,
        null,
        null,
        null,
        null,
        null,
        null,
        null,
        null,
        null,
        null,
        null
      ],
      "/Users/Guest/Desktop/fuzzy_store/config/initializers/filter_parameter_logging.rb": [
        null,
        null,
        null,
        1
      ],
      "/Users/Guest/Desktop/fuzzy_store/config/initializers/inflections.rb": [
        null,
        null,
        null,
        null,
        null,
        null,
        null,
        null,
        null,
        null,
        null,
        null,
        null,
        null,
        null,
        null
      ],
      "/Users/Guest/Desktop/fuzzy_store/config/initializers/mime_types.rb": [
        null,
        null,
        null,
        null
      ],
      "/Users/Guest/Desktop/fuzzy_store/config/initializers/rails_admin.rb": [
        1,
        null,
        null,
        null,
        null,
        1,
        0,
        null,
        1,
        null,
        null,
        1,
        null,
        null,
        null,
        null,
        null,
        null,
        null,
        null,
        null,
        null,
        null,
        null,
        null,
        1,
        1,
        1,
        1,
        1,
        1,
        1,
        1,
        1,
        1,
        null,
        null,
        null,
        null,
        null,
        null
      ],
      "/Users/Guest/Desktop/fuzzy_store/config/initializers/wrap_parameters.rb": [
        null,
        null,
        null,
        null,
        null,
        null,
        1,
        2,
        null,
        null,
        null,
        null,
        null,
        null
      ],
      "/Users/Guest/Desktop/fuzzy_store/config/routes.rb": [
        1,
        null,
        1,
        1,
        1,
        1,
        1,
        1,
        1,
        1,
        1,
        null,
        null
      ],
      "/Users/Guest/Desktop/fuzzy_store/app/models/user.rb": [
        1,
        1,
        null,
        null,
        1,
        null,
        null
      ],
      "/Users/Guest/Desktop/fuzzy_store/app/models/application_record.rb": [
        1,
        1,
        null
      ],
      "/Users/Guest/Desktop/fuzzy_store/app/controllers/application_controller.rb": [
        1,
        1,
        null,
        1,
        null,
        1,
        0,
        null,
        null,
        1,
        null,
        1,
        0,
        0,
        null,
        0,
        null,
        null,
        null
      ],
      "/Users/Guest/Desktop/fuzzy_store/app/helpers/application_helper.rb": [
        1,
        null
      ],
      "/Users/Guest/Desktop/fuzzy_store/app/channels/application_cable/channel.rb": [
        1,
        1,
        null,
        null
      ],
      "/Users/Guest/Desktop/fuzzy_store/app/channels/application_cable/connection.rb": [
        1,
        1,
        null,
        null
      ],
      "/Users/Guest/Desktop/fuzzy_store/app/controllers/carts_controller.rb": [
        1,
        null,
        1,
        0,
        null,
        null
      ],
      "/Users/Guest/Desktop/fuzzy_store/app/controllers/home_controller.rb": [
        1,
        1,
        null,
        1,
        0,
        null,
        null,
        null,
        null,
        null,
        null,
        null
      ],
      "/Users/Guest/Desktop/fuzzy_store/app/controllers/order_items_controller.rb": [
        1,
        null,
        1,
        0,
        0,
        0,
        0,
        0,
        null,
        null,
        1,
        0,
        0,
        0,
        0,
        0,
        null,
        null,
        1,
        null,
        1,
        0,
        null,
        null
      ],
      "/Users/Guest/Desktop/fuzzy_store/app/controllers/products_controller.rb": [
        1,
        1,
        null,
        1,
        0,
        0,
        null,
        null
      ],
      "/Users/Guest/Desktop/fuzzy_store/app/jobs/application_job.rb": [
        1,
        null
      ],
      "/Users/Guest/Desktop/fuzzy_store/app/lib/get_bestseller_list.rb": [
        1,
        null,
        null,
        null,
        null,
        null
      ],
      "/Users/Guest/Desktop/fuzzy_store/app/mailers/application_mailer.rb": [
        1,
        1,
        1,
        null
      ],
      "/Users/Guest/Desktop/fuzzy_store/app/models/ability.rb": [
        1,
        1,
        null,
        1,
        null,
        null,
        0,
        0,
        0,
        0,
        0,
        null,
        0,
        0,
        null,
        null,
        null,
        null,
        null,
        null,
        null,
        null,
        null,
        null,
        null,
        null,
        null,
        null,
        null,
        null,
        null,
        null,
        null,
        null,
        null
      ],
      "/Users/Guest/Desktop/fuzzy_store/app/models/account.rb": [
        1,
        1,
        null
      ],
      "/Users/Guest/Desktop/fuzzy_store/app/models/order.rb": [
        1,
        1,
        1,
        null,
        1,
        1,
        null,
        1,
        0,
        null,
        null,
        1,
        null,
        1,
        0,
        0,
        null,
        null,
        null,
        1,
        0,
        null,
        null,
        null
      ],
      "/Users/Guest/Desktop/fuzzy_store/app/models/order_item.rb": [
        1,
        1,
        1,
        null
      ],
      "/Users/Guest/Desktop/fuzzy_store/app/models/product.rb": [
        1,
        1,
        1,
        null
      ],
      "/Users/Guest/Desktop/fuzzy_store/spec/factories/order_items.rb": [
        1,
        1,
        null,
        null,
        null
      ],
      "/Users/Guest/Desktop/fuzzy_store/spec/factories/orders.rb": [
        1,
        1,
        null,
        null,
        null
      ],
      "/Users/Guest/Desktop/fuzzy_store/spec/factories/products.rb": [
        1,
        1,
        null,
        null,
        null
      ],
      "/Users/Guest/Desktop/fuzzy_store/spec/factories/users.rb": [
        1,
        1,
        null,
        null,
        null
      ],
      "/Users/Guest/Desktop/fuzzy_store/spec/models/order_spec.rb": [
        1,
        null,
        1,
        2,
        null,
        null
      ],
      "/Users/Guest/Desktop/fuzzy_store/spec/models/product_spec.rb": [
        1,
        null,
        1,
        2,
        null
      ],
      "/Users/Guest/Desktop/fuzzy_store/spec/models/user_spec.rb": [
        null,
        null,
        1,
        null,
        1,
        2,
        2,
        2,
        null
      ]
    },
    "timestamp": 1499789035
  }
}
